 [0117/160342:INFO:CONSOLE(45)] "video player started", source: file:///C:/Program%20Files%20(x86)/Steam/steamapps/common/assettocorsa/launcher/themes/default/video/player.html?video=file%3a%2f%2f%2fC%3a%2fProgram+Files+(x86)%2fSteam%2fsteamapps%2fcommon%2fassettocorsa%2flauncher%2fthemes%2fdefault%2fvideo%2fintro.ogv&volume=0.5 (45)
[0117/160342:INFO:CONSOLE(63)] "file:///C:/Program Files (x86)/Steam/steamapps/common/assettocorsa/launcher/themes/default/video/intro.ogv", source: file:///C:/Program%20Files%20(x86)/Steam/steamapps/common/assettocorsa/launcher/themes/default/video/player.html?video=file%3a%2f%2f%2fC%3a%2fProgram+Files+(x86)%2fSteam%2fsteamapps%2fcommon%2fassettocorsa%2flauncher%2fthemes%2fdefault%2fvideo%2fintro.ogv&volume=0.5 (63)
[0117/160342:INFO:CONSOLE(64)] "0.5", source: file:///C:/Program%20Files%20(x86)/Steam/steamapps/common/assettocorsa/launcher/themes/default/video/player.html?video=file%3a%2f%2f%2fC%3a%2fProgram+Files+(x86)%2fSteam%2fsteamapps%2fcommon%2fassettocorsa%2flauncher%2fthemes%2fdefault%2fvideo%2fintro.ogv&volume=0.5 (64)
[0117/160342:INFO:CONSOLE(67)] "Playing file:///C:/Program Files (x86)/Steam/steamapps/common/assettocorsa/launcher/themes/default/video/intro.ogv", source: file:///C:/Program%20Files%20(x86)/Steam/steamapps/common/assettocorsa/launcher/themes/default/video/player.html?video=file%3a%2f%2f%2fC%3a%2fProgram+Files+(x86)%2fSteam%2fsteamapps%2fcommon%2fassettocorsa%2flauncher%2fthemes%2fdefault%2fvideo%2fintro.ogv&volume=0.5 (67)
[0117/160343:INFO:CONSOLE(74)] "playing video", source: file:///C:/Program%20Files%20(x86)/Steam/steamapps/common/assettocorsa/launcher/themes/default/video/player.html?video=file%3a%2f%2f%2fC%3a%2fProgram+Files+(x86)%2fSteam%2fsteamapps%2fcommon%2fassettocorsa%2flauncher%2fthemes%2fdefault%2fvideo%2fintro.ogv&volume=0.5 (74)
[0117/160350:INFO:CONSOLE(529)] "__ACClasses namespace registered", source: ac://js/__ACClasses.js (529)
[0117/160350:INFO:CONSOLE(0)] "Synchronous XMLHttpRequest on the main thread is deprecated because of its detrimental effects to the end user's experience. For more help, check https://xhr.spec.whatwg.org/.", source:  (0)
[0117/160350:INFO:CONSOLE(386)] "Updated __AC.Cfg", source: ac://js/__AC.js (386)
[0117/160350:INFO:CONSOLE(328)] "replays: 0 loaded", source: ac://js/__AC.js (328)
[0117/160350:INFO:CONSOLE(72)] "__AC namespace registered", source: ac://js/__AC.js (72)
[0117/160350:INFO:CONSOLE(83)] "__ACUI namespace registered", source: ac://js/__ACUI.js (83)
[0117/160350:INFO:CONSOLE(127)] "ACLocalization init", source: ac://theme/default/js/ac.localization.js (127)
[0117/160350:INFO:CONSOLE(13)] "Loading up UI.js", source: ac://theme/default/js/ui.js (13)
[0117/160350:INFO:CONSOLE(16)] "Step 2", source: ac://theme/default/js/ui.js (16)
[0117/160351:INFO:CONSOLE(206)] "tracks: 44 loaded", source: ac://js/__AC.js (206)
[0117/160351:INFO:CONSOLE(207)] "tracks: 12 unique countries defined", source: ac://js/__AC.js (207)
[0117/160351:INFO:CONSOLE(208)] "tracks: 22 unique tags defined", source: ac://js/__AC.js (208)
[0117/160353:INFO:CONSOLE(187)] "cars: 180 loaded", source: ac://js/__AC.js (187)
[0117/160353:INFO:CONSOLE(188)] "cars: 25 unique brands", source: ac://js/__AC.js (188)
[0117/160353:INFO:CONSOLE(189)] "cars: 72 unique tags defined", source: ac://js/__AC.js (189)
[0117/160353:INFO:CONSOLE(5255)] "Content loaded", source: ac://theme/default/js/ui.js (5255)
[0117/160353:INFO:CONSOLE(310)] "Step 3: init", source: ac://theme/default/js/ui.js (310)
[0117/160353:INFO:CONSOLE(312)] "Step 4: init", source: ac://theme/default/js/ui.js (312)
[0117/160353:INFO:CONSOLE(314)] "Step 5: init", source: ac://theme/default/js/ui.js (314)
[0117/160353:INFO:CONSOLE(339)] "zoom >> ", source: ac://theme/default/js/ui.js (339)
[0117/160353:INFO:CONSOLE(3941)] "Problem with car : 57 ks_ferrari_488_challenge_evo", source: ac://theme/default/js/ui.js (3941)
[0117/160353:INFO:CONSOLE(3941)] "Problem with car : 58 ks_ferrari_488_gt3_2020", source: ac://theme/default/js/ui.js (3941)
[0117/160353:INFO:CONSOLE(3941)] "Problem with car : 71 ks_lamborghini_countach_s1", source: ac://theme/default/js/ui.js (3941)
[0117/160353:INFO:CONSOLE(3941)] "Problem with car : 72 ks_lamborghini_gallardo_sl_s3", source: ac://theme/default/js/ui.js (3941)
[0117/160353:INFO:CONSOLE(197)] "ERROR > ACCall: messagebox -> error", source: ac://js/ac.utils.js (197)
[0117/160353:INFO:CONSOLE(4062)] "Cars grids populated. Errors encountered: 0", source: ac://theme/default/js/ui.js (4062)
[0117/160353:INFO:CONSOLE(4118)] "Tracks loaded and grids populated. Errors encountered: 0", source: ac://theme/default/js/ui.js (4118)
[0117/160353:INFO:CONSOLE(4306)] ">>> init track set magione", source: ac://theme/default/js/ui.js (4306)
[0117/160353:INFO:CONSOLE(4341)] "Couldn't find skin 'racing_green_stripe' of car 'lotus_elise_sc'.", source: ac://theme/default/js/ui.js (4341)
[0117/160353:INFO:CONSOLE(438)] ">>> Summary redraw: car", source: ac://theme/default/js/ui.js (438)
[0117/160354:INFO:CONSOLE(3113)] "Widgets refreshed ", source: ac://theme/default/js/ui.js (3113)
[0117/160354:INFO:CONSOLE(3187)] "Could not run filter on timeofday", source: ac://theme/default/js/ui.js (3187)
[0117/160354:INFO:CONSOLE(3187)] "Could not run filter on weather", source: ac://theme/default/js/ui.js (3187)
[0117/160354:INFO:CONSOLE(3187)] "Could not run filter on temperature", source: ac://theme/default/js/ui.js (3187)
[0117/160354:INFO:CONSOLE(3187)] "Could not run filter on dynamictrack", source: ac://theme/default/js/ui.js (3187)
[0117/160354:INFO:CONSOLE(2898)] "setting race laps to: 5", source: ac://theme/default/js/ui.js (2898)
[0117/160354:INFO:CONSOLE(3187)] "Could not run filter on gforcex", source: ac://theme/default/js/ui.js (3187)
[0117/160354:INFO:CONSOLE(3187)] "Could not run filter on gforcey", source: ac://theme/default/js/ui.js (3187)
[0117/160354:INFO:CONSOLE(2997)] "cubemaps", source: ac://theme/default/js/ui.js (2997)
[0117/160354:INFO:CONSOLE(3187)] "Could not run filter on slidercubemap", source: ac://theme/default/js/ui.js (3187)
[0117/160354:INFO:CONSOLE(3008)] "Window limit changed to 5", source: ac://theme/default/js/ui.js (3008)
[0117/160354:INFO:CONSOLE(3113)] "Widgets refreshed ", source: ac://theme/default/js/ui.js (3113)
[0117/160354:INFO:CONSOLE(2924)] "0.125", source: ac://theme/default/js/ui.js (2924)
[0117/160354:INFO:CONSOLE(3113)] "Widgets refreshed ", source: ac://theme/default/js/ui.js (3113)
[0117/160354:INFO:CONSOLE(438)] ">>> Summary redraw: track", source: ac://theme/default/js/ui.js (438)
[0117/160354:INFO:CONSOLE(361)] "Loading modules", source: ac://theme/default/js/ui.js (361)
[0117/160354:INFO:CONSOLE(87)] "loadModule Stats, false", source: ac://js/__AC.js (87)
[0117/160354:INFO:CONSOLE(33)] ">>> UIStats init", source:  (33)
[0117/160354:INFO:CONSOLE(87)] "loadModule Profile, false", source: ac://js/__AC.js (87)
[0117/160354:INFO:CONSOLE(70)] ">>> UIProfile init", source:  (70)
[0117/160354:INFO:CONSOLE(2030)] ">>> UIProfile changed", source: ac://theme/default/js/ui.js (2030)
[0117/160355:INFO:CONSOLE(87)] "loadModule Career2, false", source: ac://js/__AC.js (87)
[0117/160355:INFO:CONSOLE(3113)] "Widgets refreshed ", source: ac://theme/default/js/ui.js (3113)
[0117/160355:INFO:CONSOLE(141)] ">>> UICareer2 init #wrapper", source:  (141)
[0117/160355:INFO:CONSOLE(121)] "Module UICareer2 returned ID:UICareer2", source: ac://js/__AC.js (121)
[0117/160355:INFO:CONSOLE(87)] "loadModule Champs, false", source: ac://js/__AC.js (87)
[0117/160355:INFO:CONSOLE(3113)] "Widgets refreshed ", source: ac://theme/default/js/ui.js (3113)
[0117/160355:INFO:CONSOLE(1586)] "Playerdata CHAMPS undefined", source:  (1586)
[0117/160355:INFO:CONSOLE(1295)] "Champs AI Level: 98", source:  (1295)
[0117/160355:INFO:CONSOLE(1309)] "Champs AI variation: 0", source:  (1309)
[0117/160355:INFO:CONSOLE(1302)] "Champs AI Aggression: 0", source:  (1302)
[0117/160355:INFO:CONSOLE(51)] ">>> UIChamps init", source:  (51)
[0117/160355:INFO:CONSOLE(87)] "loadModule SpecialEvents, false", source: ac://js/__AC.js (87)
[0117/160355:INFO:CONSOLE(91)] ">>> UISpecialEvents init", source:  (91)
[0117/160355:INFO:CONSOLE(87)] "loadModule PbManager, false", source: ac://js/__AC.js (87)
[0117/160355:INFO:CONSOLE(43)] ">>> UIPbManager init", source:  (43)
[0117/160355:INFO:CONSOLE(87)] "loadModule Randomizer, false", source: ac://js/__AC.js (87)
[0117/160355:INFO:CONSOLE(10)] ">>> UIRandomizer init", source:  (10)
[0117/160355:INFO:CONSOLE(87)] "loadModule Results, false", source: ac://js/__AC.js (87)
[0117/160355:INFO:CONSOLE(628)] "UIResults refreshing", source:  (628)
[0117/160355:INFO:CONSOLE(631)] ">>> UIResults no data", source:  (631)
[0117/160355:INFO:CONSOLE(687)] ">>> UIResults, invalid: true populateresult:false", source:  (687)
[0117/160355:INFO:CONSOLE(693)] "Invalid results", source:  (693)
[0117/160355:INFO:CONSOLE(28)] ">>> UIResults init", source:  (28)
[0117/160355:INFO:CONSOLE(87)] "loadModule VideoHandler, true", source: ac://js/__AC.js (87)
[0117/160355:INFO:CONSOLE(87)] "loadModule Online, false", source: ac://js/__AC.js (87)
[0117/160355:INFO:CONSOLE(3113)] "Widgets refreshed ", source: ac://theme/default/js/ui.js (3113)
[0117/160355:INFO:CONSOLE(56)] ">>> UIOnline init", source:  (56)
[0117/160355:INFO:CONSOLE(87)] "loadModule Replay, true", source: ac://js/__AC.js (87)
[0117/160355:INFO:CONSOLE(87)] "loadModule ModuleManager, false", source: ac://js/__AC.js (87)
[0117/160355:INFO:CONSOLE(26)] ">>> UIModuleManager init", source:  (26)
[0117/160355:INFO:CONSOLE(87)] "loadModule Help, true", source: ac://js/__AC.js (87)
[0117/160355:INFO:CONSOLE(67)] "Setting up localization UI", source: ac://theme/default/js/ac.localization.js (67)
[0117/160355:INFO:CONSOLE(438)] ">>> Summary redraw: car", source: ac://theme/default/js/ui.js (438)
[0117/160355:INFO:CONSOLE(3849)] ">>> load opponents", source: ac://theme/default/js/ui.js (3849)
[0117/160355:INFO:CONSOLE(133)] ">>> UIPbManager - UI ready", source:  (133)
[0117/160355:INFO:CONSOLE(5276)] ">>> UI init", source: ac://theme/default/js/ui.js (5276)
[0117/160355:INFO:CONSOLE(50)] ">>> UIStats upgrading db", source:  (50)
[0117/160355:INFO:CONSOLE(3461)] "Set default videomode to 1920,1080", source: ac://theme/default/js/ui.js (3461)
[0117/160355:INFO:CONSOLE(3480)] "Video resolution 1920,1080 (10)", source: ac://theme/default/js/ui.js (3480)
[0117/160355:INFO:CONSOLE(19)] ">>> UIModule init", source:  (19)
[0117/160355:INFO:CONSOLE(121)] "Module UIVideoHandler returned ID:VideoHandler", source: ac://js/__AC.js (121)
[0117/160355:INFO:CONSOLE(21)] ">>> UIReplay init", source:  (21)
[0117/160355:INFO:CONSOLE(30)] ">>> UIHelp init", source:  (30)
[0117/160355:INFO:CONSOLE(31)] ">>> UIHelp path: modules/help", source:  (31)
[0117/160355:INFO:CONSOLE(358)] ">>> Stats init db", source: ac://js/__ACClasses.js (358)
[0117/160355:INFO:CONSOLE(196)] ">>> UIPbManager", source:  (196)
[0117/160355:INFO:CONSOLE(125)] "No pb .ini found", source:  (125)
[0117/160402:INFO:CONSOLE(307)] "specialevents: 203 loaded", source: ac://js/__AC.js (307)
[0117/160402:INFO:CONSOLE(155)] "UICareer2.loadData", source:  (155)
[0117/160403:INFO:CONSOLE(149)] "Special Events: Skipping file:///C:/Program%20Files%20(x86)/Steam/steamapps/common/assettocorsa/content/specialevents/SPECIAL_EVENT_180 - nonexistent car or track defined: ks_audi_tt_vln // ks_nordschleife-endurance_cup", source:  (149)
[0117/160403:INFO:CONSOLE(149)] "Special Events: Skipping file:///C:/Program%20Files%20(x86)/Steam/steamapps/common/assettocorsa/content/specialevents/SPECIAL_EVENT_159 - nonexistent car or track defined: ks_porsche_917_k // ks_nordschleife-endurance_cup", source:  (149)
[0117/160404:INFO:CONSOLE(47)] "Career reloading language:", source:  (47)
[0117/160405:INFO:CONSOLE(58)] "Special Events reloading language:", source:  (58)
[0117/160405:INFO:CONSOLE(149)] "Special Events: Skipping file:///C:/Program%20Files%20(x86)/Steam/steamapps/common/assettocorsa/content/specialevents/SPECIAL_EVENT_180 - nonexistent car or track defined: ks_audi_tt_vln // ks_nordschleife-endurance_cup", source:  (149)
[0117/160405:INFO:CONSOLE(149)] "Special Events: Skipping file:///C:/Program%20Files%20(x86)/Steam/steamapps/common/assettocorsa/content/specialevents/SPECIAL_EVENT_159 - nonexistent car or track defined: ks_porsche_917_k // ks_nordschleife-endurance_cup", source:  (149)
[0117/160405:INFO:CONSOLE(1)] "test en", source:  (1)
[0117/160408:INFO:CONSOLE(163)] "Career data loaded", source:  (163)
[0117/160408:INFO:CONSOLE(67)] "Career: new career started", source:  (67)
[0117/160408:INFO:CONSOLE(459)] "UICareer2.populate", source:  (459)
[0117/160412:INFO:CONSOLE(1379)] ">>> Intro Event", source: ac://theme/default/js/ui.js (1379)
[0117/160416:INFO:CONSOLE(571)] "restoring previous session: timeattack", source: ac://theme/default/js/ui.js (571)
[0117/160416:INFO:CONSOLE(4602)] "setting session type to: timeattack", source: ac://theme/default/js/ui.js (4602)
[0117/160416:INFO:CONSOLE(3113)] "Widgets refreshed ", source: ac://theme/default/js/ui.js (3113)
[0117/160416:INFO:CONSOLE(438)] ">>> Summary redraw: opponents", source: ac://theme/default/js/ui.js (438)
[0117/160416:INFO:CONSOLE(1722)] "clicked filter tracks", source: ac://theme/default/js/ui.js (1722)
[0117/160416:INFO:CONSOLE(1829)] "track tag selected: all", source: ac://theme/default/js/ui.js (1829)
[0117/160416:INFO:CONSOLE(3113)] "Widgets refreshed ", source: ac://theme/default/js/ui.js (3113)
[0117/160421:INFO:CONSOLE(4602)] "setting session type to: practice", source: ac://theme/default/js/ui.js (4602)
[0117/160421:INFO:CONSOLE(4427)] "No tracks filtered", source: ac://theme/default/js/ui.js (4427)
[0117/160421:INFO:CONSOLE(3113)] "Widgets refreshed ", source: ac://theme/default/js/ui.js (3113)
[0117/160421:INFO:CONSOLE(3113)] "Widgets refreshed ", source: ac://theme/default/js/ui.js (3113)
[0117/160421:INFO:CONSOLE(438)] ">>> Summary redraw: opponents", source: ac://theme/default/js/ui.js (438)
[0117/160421:INFO:CONSOLE(1722)] "clicked filter tracks", source: ac://theme/default/js/ui.js (1722)
[0117/160421:INFO:CONSOLE(1829)] "track tag selected: all", source: ac://theme/default/js/ui.js (1829)
[0117/160421:INFO:CONSOLE(3113)] "Widgets refreshed ", source: ac://theme/default/js/ui.js (3113)
[0117/160424:INFO:CONSOLE(808)] "startrace clicked", source: ac://theme/default/js/ui.js (808)
[0117/160424:INFO:CONSOLE(810)] "video mode validation required", source: ac://theme/default/js/ui.js (810)
[0117/160437:INFO:CONSOLE(571)] "restoring previous session: practice", source: ac://theme/default/js/ui.js (571)
[0117/160437:INFO:CONSOLE(4602)] "setting session type to: practice", source: ac://theme/default/js/ui.js (4602)
[0117/160437:INFO:CONSOLE(4427)] "No tracks filtered", source: ac://theme/default/js/ui.js (4427)
[0117/160437:INFO:CONSOLE(3113)] "Widgets refreshed ", source: ac://theme/default/js/ui.js (3113)
[0117/160437:INFO:CONSOLE(3113)] "Widgets refreshed ", source: ac://theme/default/js/ui.js (3113)
[0117/160437:INFO:CONSOLE(438)] ">>> Summary redraw: opponents", source: ac://theme/default/js/ui.js (438)
[0117/160437:INFO:CONSOLE(1722)] "clicked filter tracks", source: ac://theme/default/js/ui.js (1722)
[0117/160437:INFO:CONSOLE(1829)] "track tag selected: all", source: ac://theme/default/js/ui.js (1829)
[0117/160437:INFO:CONSOLE(3113)] "Widgets refreshed ", source: ac://theme/default/js/ui.js (3113)
[0117/160439:INFO:CONSOLE(808)] "startrace clicked", source: ac://theme/default/js/ui.js (808)
[0117/160440:INFO:CONSOLE(1218)] "s:ac://start/?timelimit=0&model=lotus_elise_sc&track=magione&skin=0_racing_green", source: ac://theme/default/js/ui.js (1218)
[0117/160442:INFO:CONSOLE(2233)] "window blurred", source: ac://theme/default/js/ui.js (2233)
[0117/160443:INFO:CONSOLE(1384)] "AC active", source: ac://theme/default/js/ui.js (1384)
[0117/160621:INFO:CONSOLE(1398)] "AC stopped", source: ac://theme/default/js/ui.js (1398)
[0117/160621:INFO:CONSOLE(4384)] "Returned from session", source: ac://theme/default/js/ui.js (4384)
[0117/160621:INFO:CONSOLE(3113)] "Widgets refreshed ", source: ac://theme/default/js/ui.js (3113)
[0117/160621:INFO:CONSOLE(628)] "UIResults refreshing", source:  (628)
[0117/160621:INFO:CONSOLE(113)] "Limiting results for 1 to 0", source:  (113)
[0117/160621:INFO:CONSOLE(128)] "Processing event: 0", source:  (128)
[0117/160621:INFO:CONSOLE(141)] ">>> UIResults session read:", source:  (141)
[0117/160621:INFO:CONSOLE(645)] "UIResults populateresult: false", source:  (645)
[0117/160621:INFO:CONSOLE(666)] ">>> UIResults Registered last event: 1768665980828", source:  (666)
[0117/160621:INFO:CONSOLE(1576)] "Displaying results", source: ac://theme/default/js/ui.js (1576)
[0117/160621:INFO:CONSOLE(687)] ">>> UIResults, invalid: true populateresult:false", source:  (687)
[0117/160621:INFO:CONSOLE(693)] "Invalid results", source:  (693)
[0117/160621:INFO:CONSOLE(328)] "replays: 0 loaded", source: ac://js/__AC.js (328)
[0117/160623:INFO:CONSOLE(2223)] "window focused", source: ac://theme/default/js/ui.js (2223)
[0117/160624:INFO:CONSOLE(515)] "Stats db connection closed.", source: ac://js/__ACClasses.js (515)
[0117/160624:INFO:CONSOLE(78)] "Updating personalbest.ini", source:  (78)
[0117/160624:INFO:CONSOLE(5216)] "Exiting", source: ac://theme/default/js/ui.js (5216)
[0117/160624:INFO:CONSOLE(2233)] "window blurred", source: ac://theme/default/js/ui.js (2233)
[0117/160631:INFO:CONSOLE(515)] "Stats db connection closed.", source: ac://js/__ACClasses.js (515)
[0117/160631:INFO:CONSOLE(78)] "Updating personalbest.ini", source:  (78)
